2026-03-14 14:04:27 0 [Note] Starting MariaDB 10.6.15-MariaDB source revision 0d16eb35bc981023ce2f4912e8ecde68ca381f4e as process 7788
2026-03-14 14:04:27 0 [Note] InnoDB: The first data file './ibdata1' did not exist. A new tablespace will be created!
2026-03-14 14:04:27 0 [Note] InnoDB: Compressed tables use zlib 1.2.13
2026-03-14 14:04:27 0 [Note] InnoDB: Number of pools: 1
2026-03-14 14:04:27 0 [Note] InnoDB: Using crc32 + pclmulqdq instructions
2026-03-14 14:04:27 0 [Note] InnoDB: Initializing buffer pool, total size = 20971520, chunk size = 20971520
2026-03-14 14:04:27 0 [Note] InnoDB: Completed initialization of buffer pool
2026-03-14 14:04:27 0 [Note] InnoDB: Setting file './ibdata1' size to 12 MB. Physically writing the file full; Please wait ...
2026-03-14 14:04:27 0 [Note] InnoDB: File './ibdata1' size is now 12 MB.
2026-03-14 14:04:27 0 [Note] InnoDB: Setting log file ./ib_logfile101 size to 100663296 bytes
2026-03-14 14:04:27 0 [Note] InnoDB: Renaming log file ./ib_logfile101 to ./ib_logfile0
2026-03-14 14:04:27 0 [Note] InnoDB: New log file created, LSN=10313
2026-03-14 14:04:27 0 [Note] InnoDB: Doublewrite buffer not found: creating new
2026-03-14 14:04:28 0 [Note] InnoDB: Doublewrite buffer created
2026-03-14 14:04:28 0 [Note] InnoDB: 128 rollback segments are active.
2026-03-14 14:04:28 0 [Note] InnoDB: Creating shared tablespace for temporary tables
2026-03-14 14:04:28 0 [Note] InnoDB: Setting file './ibtmp1' size to 12 MB. Physically writing the file full; Please wait ...
2026-03-14 14:04:28 0 [Note] InnoDB: File './ibtmp1' size is now 12 MB.
2026-03-14 14:04:28 0 [Note] InnoDB: 10.6.15 started; log sequence number 0; transaction id 3
2026-03-14 14:04:28 0 [Note] Plugin 'FEEDBACK' is disabled.
2026-03-14 14:04:59 0 [Note] Starting MariaDB 10.6.15-MariaDB source revision 0d16eb35bc981023ce2f4912e8ecde68ca381f4e as process 12512
2026-03-14 14:04:59 0 [Note] InnoDB: Compressed tables use zlib 1.2.13
2026-03-14 14:04:59 0 [Note] InnoDB: Number of pools: 1
2026-03-14 14:04:59 0 [Note] InnoDB: Using crc32 + pclmulqdq instructions
2026-03-14 14:04:59 0 [Note] InnoDB: Initializing buffer pool, total size = 134217728, chunk size = 134217728
2026-03-14 14:04:59 0 [Note] InnoDB: Completed initialization of buffer pool
2026-03-14 14:04:59 0 [Note] InnoDB: 128 rollback segments are active.
2026-03-14 14:04:59 0 [Note] InnoDB: Creating shared tablespace for temporary tables
2026-03-14 14:04:59 0 [Note] InnoDB: Setting file './ibtmp1' size to 12 MB. Physically writing the file full; Please wait ...
2026-03-14 14:04:59 0 [Note] InnoDB: File './ibtmp1' size is now 12 MB.
2026-03-14 14:04:59 0 [Note] InnoDB: 10.6.15 started; log sequence number 42114; transaction id 14
2026-03-14 14:04:59 0 [Note] Plugin 'FEEDBACK' is disabled.
2026-03-14 14:04:59 0 [Note] InnoDB: Loading buffer pool(s) from D:\GitHub\pglife\pglife#\local_env\mariadb\mariadb-10.6.15-winx64\data\ib_buffer_pool
2026-03-14 14:05:00 0 [Note] Server socket created on IP: '::'.
2026-03-14 14:05:00 0 [Note] Server socket created on IP: '0.0.0.0'.
2026-03-14 14:05:00 0 [Note] InnoDB: Buffer pool(s) load completed at 260314 14:05:00
2026-03-14 14:05:00 0 [Note] D:\GitHub\pglife\pglife#\local_env\mariadb\mariadb-10.6.15-winx64\bin\mysqld.exe: ready for connections.
Version: '10.6.15-MariaDB'  socket: ''  port: 3306  mariadb.org binary distribution
